<?xml version="1.0" encoding="UTF-8" standalone="no"?>
<?pydev-testrun version="1.0"?><pydev-testsuite>
<summary errors="0" failures="2" finished="true" name="Test Run: 39" tests="2" total_time="Finished in: 160.82 secs."/>
<test location="C:\Users\user\workspace\com.instasafev2\src\tests\controller_tests.py" status="fail" test="Test_ControllerTests.test_delete_controller" time="71.49">
<stdout><![CDATA[  File "D:\software\eclipse\plugins\org.python.pydev_6.2.0.201711281614\pysrc\runfiles.py", line 254, in <module>
    main()
  File "D:\software\eclipse\plugins\org.python.pydev_6.2.0.201711281614\pysrc\runfiles.py", line 246, in main
    return pytest.main(argv)
  File "C:\Python36-32\lib\site-packages\_pytest\config.py", line 59, in main
    return config.hook.pytest_cmdline_main(config=config)
  File "C:\Python36-32\lib\site-packages\pluggy\__init__.py", line 617, in __call__
    return self._hookexec(self, self._nonwrappers + self._wrappers, kwargs)
  File "C:\Python36-32\lib\site-packages\pluggy\__init__.py", line 222, in _hookexec
    return self._inner_hookexec(hook, methods, kwargs)
  File "C:\Python36-32\lib\site-packages\pluggy\__init__.py", line 216, in <lambda>
    firstresult=hook.spec_opts.get('firstresult'),
  File "C:\Python36-32\lib\site-packages\pluggy\callers.py", line 180, in _multicall
    res = hook_impl.function(*args)
  File "C:\Python36-32\lib\site-packages\_pytest\main.py", line 131, in pytest_cmdline_main
    return wrap_session(config, _main)
  File "C:\Python36-32\lib\site-packages\_pytest\main.py", line 100, in wrap_session
    session.exitstatus = doit(config, session) or 0
  File "C:\Python36-32\lib\site-packages\_pytest\main.py", line 138, in _main
    config.hook.pytest_runtestloop(session=session)
  File "C:\Python36-32\lib\site-packages\pluggy\__init__.py", line 617, in __call__
    return self._hookexec(self, self._nonwrappers + self._wrappers, kwargs)
  File "C:\Python36-32\lib\site-packages\pluggy\__init__.py", line 222, in _hookexec
    return self._inner_hookexec(hook, methods, kwargs)
  File "C:\Python36-32\lib\site-packages\pluggy\__init__.py", line 216, in <lambda>
    firstresult=hook.spec_opts.get('firstresult'),
  File "C:\Python36-32\lib\site-packages\pluggy\callers.py", line 180, in _multicall
    res = hook_impl.function(*args)
  File "C:\Python36-32\lib\site-packages\_pytest\main.py", line 161, in pytest_runtestloop
    item.config.hook.pytest_runtest_protocol(item=item, nextitem=nextitem)
  File "C:\Python36-32\lib\site-packages\pluggy\__init__.py", line 617, in __call__
    return self._hookexec(self, self._nonwrappers + self._wrappers, kwargs)
  File "C:\Python36-32\lib\site-packages\pluggy\__init__.py", line 222, in _hookexec
    return self._inner_hookexec(hook, methods, kwargs)
  File "C:\Python36-32\lib\site-packages\pluggy\__init__.py", line 216, in <lambda>
    firstresult=hook.spec_opts.get('firstresult'),
  File "C:\Python36-32\lib\site-packages\pluggy\callers.py", line 180, in _multicall
    res = hook_impl.function(*args)
  File "C:\Python36-32\lib\site-packages\_pytest\runner.py", line 62, in pytest_runtest_protocol
    runtestprotocol(item, nextitem=nextitem)
  File "C:\Python36-32\lib\site-packages\_pytest\runner.py", line 79, in runtestprotocol
    reports.append(call_and_report(item, "call", log))
  File "C:\Python36-32\lib\site-packages\_pytest\runner.py", line 158, in call_and_report
    call = call_runtest_hook(item, when, **kwds)
  File "C:\Python36-32\lib\site-packages\_pytest\runner.py", line 178, in call_runtest_hook
    return CallInfo(lambda: ihook(item=item, **kwds), when=when)
  File "C:\Python36-32\lib\site-packages\_pytest\runner.py", line 192, in __init__
    self.result = func()
  File "C:\Python36-32\lib\site-packages\_pytest\runner.py", line 178, in <lambda>
    return CallInfo(lambda: ihook(item=item, **kwds), when=when)
  File "C:\Python36-32\lib\site-packages\pluggy\__init__.py", line 617, in __call__
    return self._hookexec(self, self._nonwrappers + self._wrappers, kwargs)
  File "C:\Python36-32\lib\site-packages\pluggy\__init__.py", line 222, in _hookexec
    return self._inner_hookexec(hook, methods, kwargs)
  File "C:\Python36-32\lib\site-packages\pluggy\__init__.py", line 216, in <lambda>
    firstresult=hook.spec_opts.get('firstresult'),
  File "C:\Python36-32\lib\site-packages\pluggy\callers.py", line 180, in _multicall
    res = hook_impl.function(*args)
  File "C:\Python36-32\lib\site-packages\_pytest\runner.py", line 109, in pytest_runtest_call
    item.runtest()
  File "C:\Python36-32\lib\site-packages\_pytest\unittest.py", line 174, in runtest
    self._testcase(result=self)
  File "C:\Python36-32\lib\unittest\case.py", line 653, in __call__
    return self.run(*args, **kwds)
  File "C:\Python36-32\lib\unittest\case.py", line 605, in run
    testMethod()
  File "C:\Users\user\workspace\com.instasafev2\src\tests\controller_tests.py", line 63, in test_delete_controller
    result = self.cp.delete_Sigle_Controller("test")
  File "C:\Users\user\workspace\com.instasafev2\src\pages\companyPortal\controller_Page.py", line 167, in delete_Sigle_Controller
    value = self.verify_Controller_entry(name)
  File "C:\Users\user\workspace\com.instasafev2\src\pages\companyPortal\controller_Page.py", line 79, in verify_Controller_entry
    self.waitForElement(locator= controller_entry, locatorType="Xpath", timeout=30, pollFrequency=1)
  File "C:\Users\user\workspace\com.instasafev2\src\base\selenium_driver.py", line 232, in waitForElement
    print_stack()
controller_tests.py         58 INFO     *#*#*#*#*#*#*#*#*#*#*#*#*#*#*#*#*#*#*#*#
controller_tests.py         59 INFO     test_delete_controller
controller_tests.py         60 INFO     *#*#*#*#*#*#*#*#*#*#*#*#*#*#*#*#*#*#*#*#
controller_tests.py         61 INFO     navigate to controller page
selenium_driver.py         222 INFO     Waiting for maximum :: 10 :: seconds for element to be clickable
selenium_driver.py         229 INFO     Element appeared on the web page
selenium_driver.py          72 INFO     Element found with locator: .//i[@class='icons ion-gear-a'] and  locatorType: xpath
selenium_driver.py         105 INFO     Clicked on element with locator: .//i[@class='icons ion-gear-a'] locatorType: Xpath
selenium_driver.py         222 INFO     Waiting for maximum :: 10 :: seconds for element to be clickable
selenium_driver.py         229 INFO     Element appeared on the web page
selenium_driver.py          72 INFO     Element found with locator: .//a[contains(text(),'Controllers')] and  locatorType: xpath
selenium_driver.py         105 INFO     Clicked on element with locator: .//a[contains(text(),'Controllers')] locatorType: Xpath
controller_Page.py          91 INFO     Updated Xpath is as follow .//a[contains(text(),'controller')]
controller_Page.py          78 INFO     new Xpath of controller :- .//a[contains(text(),'test')]
selenium_driver.py         222 INFO     Waiting for maximum :: 30 :: seconds for element to be clickable
selenium_driver.py         231 INFO     Element not appeared on the web page
selenium_driver.py          75 INFO     Element not found with locator: .//a[contains(text(),'test')] and  locatorType: xpath
selenium_driver.py         172 INFO     Element not present with locator: .//a[contains(text(),'test')] locatorType: Xpath
controller_Page.py         179 INFO     desire controller test doesn't found]]></stdout>
<stderr><![CDATA[  File "D:\software\eclipse\plugins\org.python.pydev_6.2.0.201711281614\pysrc\runfiles.py", line 254, in <module>
    main()
  File "D:\software\eclipse\plugins\org.python.pydev_6.2.0.201711281614\pysrc\runfiles.py", line 246, in main
    return pytest.main(argv)
  File "C:\Python36-32\lib\site-packages\_pytest\config.py", line 59, in main
    return config.hook.pytest_cmdline_main(config=config)
  File "C:\Python36-32\lib\site-packages\pluggy\__init__.py", line 617, in __call__
    return self._hookexec(self, self._nonwrappers + self._wrappers, kwargs)
  File "C:\Python36-32\lib\site-packages\pluggy\__init__.py", line 222, in _hookexec
    return self._inner_hookexec(hook, methods, kwargs)
  File "C:\Python36-32\lib\site-packages\pluggy\__init__.py", line 216, in <lambda>
    firstresult=hook.spec_opts.get('firstresult'),
  File "C:\Python36-32\lib\site-packages\pluggy\callers.py", line 180, in _multicall
    res = hook_impl.function(*args)
  File "C:\Python36-32\lib\site-packages\_pytest\main.py", line 131, in pytest_cmdline_main
    return wrap_session(config, _main)
  File "C:\Python36-32\lib\site-packages\_pytest\main.py", line 100, in wrap_session
    session.exitstatus = doit(config, session) or 0
  File "C:\Python36-32\lib\site-packages\_pytest\main.py", line 138, in _main
    config.hook.pytest_runtestloop(session=session)
  File "C:\Python36-32\lib\site-packages\pluggy\__init__.py", line 617, in __call__
    return self._hookexec(self, self._nonwrappers + self._wrappers, kwargs)
  File "C:\Python36-32\lib\site-packages\pluggy\__init__.py", line 222, in _hookexec
    return self._inner_hookexec(hook, methods, kwargs)
  File "C:\Python36-32\lib\site-packages\pluggy\__init__.py", line 216, in <lambda>
    firstresult=hook.spec_opts.get('firstresult'),
  File "C:\Python36-32\lib\site-packages\pluggy\callers.py", line 180, in _multicall
    res = hook_impl.function(*args)
  File "C:\Python36-32\lib\site-packages\_pytest\main.py", line 161, in pytest_runtestloop
    item.config.hook.pytest_runtest_protocol(item=item, nextitem=nextitem)
  File "C:\Python36-32\lib\site-packages\pluggy\__init__.py", line 617, in __call__
    return self._hookexec(self, self._nonwrappers + self._wrappers, kwargs)
  File "C:\Python36-32\lib\site-packages\pluggy\__init__.py", line 222, in _hookexec
    return self._inner_hookexec(hook, methods, kwargs)
  File "C:\Python36-32\lib\site-packages\pluggy\__init__.py", line 216, in <lambda>
    firstresult=hook.spec_opts.get('firstresult'),
  File "C:\Python36-32\lib\site-packages\pluggy\callers.py", line 180, in _multicall
    res = hook_impl.function(*args)
  File "C:\Python36-32\lib\site-packages\_pytest\runner.py", line 62, in pytest_runtest_protocol
    runtestprotocol(item, nextitem=nextitem)
  File "C:\Python36-32\lib\site-packages\_pytest\runner.py", line 79, in runtestprotocol
    reports.append(call_and_report(item, "call", log))
  File "C:\Python36-32\lib\site-packages\_pytest\runner.py", line 158, in call_and_report
    call = call_runtest_hook(item, when, **kwds)
  File "C:\Python36-32\lib\site-packages\_pytest\runner.py", line 178, in call_runtest_hook
    return CallInfo(lambda: ihook(item=item, **kwds), when=when)
  File "C:\Python36-32\lib\site-packages\_pytest\runner.py", line 192, in __init__
    self.result = func()
  File "C:\Python36-32\lib\site-packages\_pytest\runner.py", line 178, in <lambda>
    return CallInfo(lambda: ihook(item=item, **kwds), when=when)
  File "C:\Python36-32\lib\site-packages\pluggy\__init__.py", line 617, in __call__
    return self._hookexec(self, self._nonwrappers + self._wrappers, kwargs)
  File "C:\Python36-32\lib\site-packages\pluggy\__init__.py", line 222, in _hookexec
    return self._inner_hookexec(hook, methods, kwargs)
  File "C:\Python36-32\lib\site-packages\pluggy\__init__.py", line 216, in <lambda>
    firstresult=hook.spec_opts.get('firstresult'),
  File "C:\Python36-32\lib\site-packages\pluggy\callers.py", line 180, in _multicall
    res = hook_impl.function(*args)
  File "C:\Python36-32\lib\site-packages\_pytest\runner.py", line 109, in pytest_runtest_call
    item.runtest()
  File "C:\Python36-32\lib\site-packages\_pytest\unittest.py", line 174, in runtest
    self._testcase(result=self)
  File "C:\Python36-32\lib\unittest\case.py", line 653, in __call__
    return self.run(*args, **kwds)
  File "C:\Python36-32\lib\unittest\case.py", line 605, in run
    testMethod()
  File "C:\Users\user\workspace\com.instasafev2\src\tests\controller_tests.py", line 63, in test_delete_controller
    result = self.cp.delete_Sigle_Controller("test")
  File "C:\Users\user\workspace\com.instasafev2\src\pages\companyPortal\controller_Page.py", line 167, in delete_Sigle_Controller
    value = self.verify_Controller_entry(name)
  File "C:\Users\user\workspace\com.instasafev2\src\pages\companyPortal\controller_Page.py", line 79, in verify_Controller_entry
    self.waitForElement(locator= controller_entry, locatorType="Xpath", timeout=30, pollFrequency=1)
  File "C:\Users\user\workspace\com.instasafev2\src\base\selenium_driver.py", line 232, in waitForElement
    print_stack()
----------------------------- Exceptions -----------------------------
self = <tests.controller_tests.Test_ControllerTests testMethod=test_delete_controller>

    @pytest.mark.run( after = "test_t1AddController")
    def test_delete_controller(self):
        self.log.info("*#" * 20)
        self.log.info("test_delete_controller")
        self.log.info("*#" * 20)
        self.log.info("navigate to controller page")
        self.cp.navigateControllerPage()
        result = self.cp.delete_Sigle_Controller("test")
>       assert result == True
E       AssertionError: assert False == True

tests\controller_tests.py:64: AssertionError]]></stderr>
</test>
<test location="C:\Users\user\workspace\com.instasafev2\src\tests\controller_tests.py" status="fail" test="Test_ControllerTests.test_t1AddController" time="68.74">
<stdout><![CDATA[  File "D:\software\eclipse\plugins\org.python.pydev_6.2.0.201711281614\pysrc\runfiles.py", line 254, in <module>
    main()
  File "D:\software\eclipse\plugins\org.python.pydev_6.2.0.201711281614\pysrc\runfiles.py", line 246, in main
    return pytest.main(argv)
  File "C:\Python36-32\lib\site-packages\_pytest\config.py", line 59, in main
    return config.hook.pytest_cmdline_main(config=config)
  File "C:\Python36-32\lib\site-packages\pluggy\__init__.py", line 617, in __call__
    return self._hookexec(self, self._nonwrappers + self._wrappers, kwargs)
  File "C:\Python36-32\lib\site-packages\pluggy\__init__.py", line 222, in _hookexec
    return self._inner_hookexec(hook, methods, kwargs)
  File "C:\Python36-32\lib\site-packages\pluggy\__init__.py", line 216, in <lambda>
    firstresult=hook.spec_opts.get('firstresult'),
  File "C:\Python36-32\lib\site-packages\pluggy\callers.py", line 180, in _multicall
    res = hook_impl.function(*args)
  File "C:\Python36-32\lib\site-packages\_pytest\main.py", line 131, in pytest_cmdline_main
    return wrap_session(config, _main)
  File "C:\Python36-32\lib\site-packages\_pytest\main.py", line 100, in wrap_session
    session.exitstatus = doit(config, session) or 0
  File "C:\Python36-32\lib\site-packages\_pytest\main.py", line 138, in _main
    config.hook.pytest_runtestloop(session=session)
  File "C:\Python36-32\lib\site-packages\pluggy\__init__.py", line 617, in __call__
    return self._hookexec(self, self._nonwrappers + self._wrappers, kwargs)
  File "C:\Python36-32\lib\site-packages\pluggy\__init__.py", line 222, in _hookexec
    return self._inner_hookexec(hook, methods, kwargs)
  File "C:\Python36-32\lib\site-packages\pluggy\__init__.py", line 216, in <lambda>
    firstresult=hook.spec_opts.get('firstresult'),
  File "C:\Python36-32\lib\site-packages\pluggy\callers.py", line 180, in _multicall
    res = hook_impl.function(*args)
  File "C:\Python36-32\lib\site-packages\_pytest\main.py", line 161, in pytest_runtestloop
    item.config.hook.pytest_runtest_protocol(item=item, nextitem=nextitem)
  File "C:\Python36-32\lib\site-packages\pluggy\__init__.py", line 617, in __call__
    return self._hookexec(self, self._nonwrappers + self._wrappers, kwargs)
  File "C:\Python36-32\lib\site-packages\pluggy\__init__.py", line 222, in _hookexec
    return self._inner_hookexec(hook, methods, kwargs)
  File "C:\Python36-32\lib\site-packages\pluggy\__init__.py", line 216, in <lambda>
    firstresult=hook.spec_opts.get('firstresult'),
  File "C:\Python36-32\lib\site-packages\pluggy\callers.py", line 180, in _multicall
    res = hook_impl.function(*args)
  File "C:\Python36-32\lib\site-packages\_pytest\runner.py", line 62, in pytest_runtest_protocol
    runtestprotocol(item, nextitem=nextitem)
  File "C:\Python36-32\lib\site-packages\_pytest\runner.py", line 79, in runtestprotocol
    reports.append(call_and_report(item, "call", log))
  File "C:\Python36-32\lib\site-packages\_pytest\runner.py", line 158, in call_and_report
    call = call_runtest_hook(item, when, **kwds)
  File "C:\Python36-32\lib\site-packages\_pytest\runner.py", line 178, in call_runtest_hook
    return CallInfo(lambda: ihook(item=item, **kwds), when=when)
  File "C:\Python36-32\lib\site-packages\_pytest\runner.py", line 192, in __init__
    self.result = func()
  File "C:\Python36-32\lib\site-packages\_pytest\runner.py", line 178, in <lambda>
    return CallInfo(lambda: ihook(item=item, **kwds), when=when)
  File "C:\Python36-32\lib\site-packages\pluggy\__init__.py", line 617, in __call__
    return self._hookexec(self, self._nonwrappers + self._wrappers, kwargs)
  File "C:\Python36-32\lib\site-packages\pluggy\__init__.py", line 222, in _hookexec
    return self._inner_hookexec(hook, methods, kwargs)
  File "C:\Python36-32\lib\site-packages\pluggy\__init__.py", line 216, in <lambda>
    firstresult=hook.spec_opts.get('firstresult'),
  File "C:\Python36-32\lib\site-packages\pluggy\callers.py", line 180, in _multicall
    res = hook_impl.function(*args)
  File "C:\Python36-32\lib\site-packages\_pytest\runner.py", line 109, in pytest_runtest_call
    item.runtest()
  File "C:\Python36-32\lib\site-packages\_pytest\unittest.py", line 174, in runtest
    self._testcase(result=self)
  File "C:\Python36-32\lib\unittest\case.py", line 653, in __call__
    return self.run(*args, **kwds)
  File "C:\Python36-32\lib\unittest\case.py", line 605, in run
    testMethod()
  File "C:\Users\user\workspace\com.instasafev2\src\tests\controller_tests.py", line 49, in test_t1AddController
    self.cp.add_Single_Controller("isademo", "test", "TCP", "1470", "10.14.70.0", "27")
  File "C:\Users\user\workspace\com.instasafev2\src\pages\companyPortal\controller_Page.py", line 148, in add_Single_Controller
    self.closeAddWindow()
  File "C:\Users\user\workspace\com.instasafev2\src\pages\companyPortal\controller_Page.py", line 74, in closeAddWindow
    self.elementClick(locator= self._close_addwindow, locatorType="Xpath", element="closeAddWindow")
  File "C:\Users\user\workspace\com.instasafev2\src\base\selenium_driver.py", line 109, in elementClick
    print_stack()
  File "D:\software\eclipse\plugins\org.python.pydev_6.2.0.201711281614\pysrc\runfiles.py", line 254, in <module>
    main()
  File "D:\software\eclipse\plugins\org.python.pydev_6.2.0.201711281614\pysrc\runfiles.py", line 246, in main
    return pytest.main(argv)
  File "C:\Python36-32\lib\site-packages\_pytest\config.py", line 59, in main
    return config.hook.pytest_cmdline_main(config=config)
  File "C:\Python36-32\lib\site-packages\pluggy\__init__.py", line 617, in __call__
    return self._hookexec(self, self._nonwrappers + self._wrappers, kwargs)
  File "C:\Python36-32\lib\site-packages\pluggy\__init__.py", line 222, in _hookexec
    return self._inner_hookexec(hook, methods, kwargs)
  File "C:\Python36-32\lib\site-packages\pluggy\__init__.py", line 216, in <lambda>
    firstresult=hook.spec_opts.get('firstresult'),
  File "C:\Python36-32\lib\site-packages\pluggy\callers.py", line 180, in _multicall
    res = hook_impl.function(*args)
  File "C:\Python36-32\lib\site-packages\_pytest\main.py", line 131, in pytest_cmdline_main
    return wrap_session(config, _main)
  File "C:\Python36-32\lib\site-packages\_pytest\main.py", line 100, in wrap_session
    session.exitstatus = doit(config, session) or 0
  File "C:\Python36-32\lib\site-packages\_pytest\main.py", line 138, in _main
    config.hook.pytest_runtestloop(session=session)
  File "C:\Python36-32\lib\site-packages\pluggy\__init__.py", line 617, in __call__
    return self._hookexec(self, self._nonwrappers + self._wrappers, kwargs)
  File "C:\Python36-32\lib\site-packages\pluggy\__init__.py", line 222, in _hookexec
    return self._inner_hookexec(hook, methods, kwargs)
  File "C:\Python36-32\lib\site-packages\pluggy\__init__.py", line 216, in <lambda>
    firstresult=hook.spec_opts.get('firstresult'),
  File "C:\Python36-32\lib\site-packages\pluggy\callers.py", line 180, in _multicall
    res = hook_impl.function(*args)
  File "C:\Python36-32\lib\site-packages\_pytest\main.py", line 161, in pytest_runtestloop
    item.config.hook.pytest_runtest_protocol(item=item, nextitem=nextitem)
  File "C:\Python36-32\lib\site-packages\pluggy\__init__.py", line 617, in __call__
    return self._hookexec(self, self._nonwrappers + self._wrappers, kwargs)
  File "C:\Python36-32\lib\site-packages\pluggy\__init__.py", line 222, in _hookexec
    return self._inner_hookexec(hook, methods, kwargs)
  File "C:\Python36-32\lib\site-packages\pluggy\__init__.py", line 216, in <lambda>
    firstresult=hook.spec_opts.get('firstresult'),
  File "C:\Python36-32\lib\site-packages\pluggy\callers.py", line 180, in _multicall
    res = hook_impl.function(*args)
  File "C:\Python36-32\lib\site-packages\_pytest\runner.py", line 62, in pytest_runtest_protocol
    runtestprotocol(item, nextitem=nextitem)
  File "C:\Python36-32\lib\site-packages\_pytest\runner.py", line 79, in runtestprotocol
    reports.append(call_and_report(item, "call", log))
  File "C:\Python36-32\lib\site-packages\_pytest\runner.py", line 158, in call_and_report
    call = call_runtest_hook(item, when, **kwds)
  File "C:\Python36-32\lib\site-packages\_pytest\runner.py", line 178, in call_runtest_hook
    return CallInfo(lambda: ihook(item=item, **kwds), when=when)
  File "C:\Python36-32\lib\site-packages\_pytest\runner.py", line 192, in __init__
    self.result = func()
  File "C:\Python36-32\lib\site-packages\_pytest\runner.py", line 178, in <lambda>
    return CallInfo(lambda: ihook(item=item, **kwds), when=when)
  File "C:\Python36-32\lib\site-packages\pluggy\__init__.py", line 617, in __call__
    return self._hookexec(self, self._nonwrappers + self._wrappers, kwargs)
  File "C:\Python36-32\lib\site-packages\pluggy\__init__.py", line 222, in _hookexec
    return self._inner_hookexec(hook, methods, kwargs)
  File "C:\Python36-32\lib\site-packages\pluggy\__init__.py", line 216, in <lambda>
    firstresult=hook.spec_opts.get('firstresult'),
  File "C:\Python36-32\lib\site-packages\pluggy\callers.py", line 180, in _multicall
    res = hook_impl.function(*args)
  File "C:\Python36-32\lib\site-packages\_pytest\runner.py", line 109, in pytest_runtest_call
    item.runtest()
  File "C:\Python36-32\lib\site-packages\_pytest\unittest.py", line 174, in runtest
    self._testcase(result=self)
  File "C:\Python36-32\lib\unittest\case.py", line 653, in __call__
    return self.run(*args, **kwds)
  File "C:\Python36-32\lib\unittest\case.py", line 605, in run
    testMethod()
  File "C:\Users\user\workspace\com.instasafev2\src\tests\controller_tests.py", line 51, in test_t1AddController
    result = self.cp.verify_Controller_entry("test")
  File "C:\Users\user\workspace\com.instasafev2\src\pages\companyPortal\controller_Page.py", line 79, in verify_Controller_entry
    self.waitForElement(locator= controller_entry, locatorType="Xpath", timeout=30, pollFrequency=1)
  File "C:\Users\user\workspace\com.instasafev2\src\base\selenium_driver.py", line 232, in waitForElement
    print_stack()
controller_tests.py         43 INFO     *#*#*#*#*#*#*#*#*#*#*#*#*#*#*#*#*#*#*#*#
controller_tests.py         44 INFO     test_t1Addcontroller start
controller_tests.py         45 INFO     *#*#*#*#*#*#*#*#*#*#*#*#*#*#*#*#*#*#*#*#
controller_tests.py         46 INFO     navigate to controller page
selenium_driver.py         222 INFO     Waiting for maximum :: 10 :: seconds for element to be clickable
selenium_driver.py         229 INFO     Element appeared on the web page
selenium_driver.py          72 INFO     Element found with locator: .//i[@class='icons ion-gear-a'] and  locatorType: xpath
selenium_driver.py         105 INFO     Clicked on element with locator: .//i[@class='icons ion-gear-a'] locatorType: Xpath
selenium_driver.py         222 INFO     Waiting for maximum :: 10 :: seconds for element to be clickable
selenium_driver.py         229 INFO     Element appeared on the web page
selenium_driver.py          72 INFO     Element found with locator: .//a[contains(text(),'Controllers')] and  locatorType: xpath
selenium_driver.py         105 INFO     Clicked on element with locator: .//a[contains(text(),'Controllers')] locatorType: Xpath
selenium_driver.py         222 INFO     Waiting for maximum :: 10 :: seconds for element to be clickable
selenium_driver.py         229 INFO     Element appeared on the web page
selenium_driver.py          72 INFO     Element found with locator: .//button[contains(text(),'Add')] and  locatorType: xpath
selenium_driver.py         105 INFO     Clicked on element with locator: .//button[contains(text(),'Add')] locatorType: xpath
selenium_driver.py          72 INFO     Element found with locator: .//h2[contains(text(),'Add Controller')] and  locatorType: xpath
selenium_driver.py         168 INFO     Element present with locator: .//h2[contains(text(),'Add Controller')] locatorType: Xpath
controller_Page.py          48 INFO     Add window appear status is True
controller_tests.py         48 INFO     navigate to controller Add page
controller_Page.py         131 INFO     clear all data field
selenium_driver.py          72 INFO     Element found with locator: .//*[@id='port'] and  locatorType: xpath
controller_Page.py         133 INFO     select cloud server
selenium_driver.py          72 INFO     Element found with locator: .//div[@class='selectize-input'] and  locatorType: xpath
selenium_driver.py         105 INFO     Clicked on element with locator: .//div[@class='selectize-input'] locatorType: xpath
selenium_driver.py         260 INFO     run single drop down element
selenium_driver.py          89 INFO     Element list found with locator: .//div[@role='option'] and locatorType: xpath
selenium_driver.py         266 INFO     isademo
controller_Page.py         135 INFO     Enter controller name
selenium_driver.py          72 INFO     Element found with locator: .//*[@id='vpn_name'] and  locatorType: xpath
selenium_driver.py         121 INFO     Sent data on element with locator: .//*[@id='vpn_name'] locatorType: xpath
controller_Page.py         137 INFO     select protocol
selenium_driver.py         260 INFO     run single drop down element
selenium_driver.py          89 INFO     Element list found with locator: .//*[@id='protocol']/option and locatorType: xpath
selenium_driver.py         266 INFO     Select Protocol
selenium_driver.py         266 INFO     TCP
controller_Page.py         139 INFO     enter port number
selenium_driver.py          72 INFO     Element found with locator: .//*[@id='port'] and  locatorType: xpath
selenium_driver.py         121 INFO     Sent data on element with locator: .//*[@id='port'] locatorType: xpath
controller_Page.py         141 INFO     enter IP address / network address
selenium_driver.py          72 INFO     Element found with locator: .//*[@id='network'] and  locatorType: xpath
selenium_driver.py         121 INFO     Sent data on element with locator: .//*[@id='network'] locatorType: xpath
controller_Page.py         143 INFO     enter net mask bit
selenium_driver.py          72 INFO     Element found with locator: .//div[@name='netmask_bits']/descendant::div[@class='selectize-input'] and  locatorType: xpath
selenium_driver.py         105 INFO     Clicked on element with locator: .//div[@name='netmask_bits']/descendant::div[@class='selectize-input'] locatorType: xpath
selenium_driver.py         260 INFO     run single drop down element
selenium_driver.py          89 INFO     Element list found with locator: .//div[@role='option'] and locatorType: xpath
selenium_driver.py         266 INFO     16
selenium_driver.py         266 INFO     17
selenium_driver.py         266 INFO     18
selenium_driver.py         266 INFO     19
selenium_driver.py         266 INFO     20
selenium_driver.py         266 INFO     21
selenium_driver.py         266 INFO     22
selenium_driver.py         266 INFO     23
selenium_driver.py         266 INFO     24
selenium_driver.py         266 INFO     25
selenium_driver.py         266 INFO     26
selenium_driver.py         266 INFO     27
controller_Page.py         145 INFO     click on save button to save data
selenium_driver.py          72 INFO     Element found with locator: .//button[@type='submit'] and  locatorType: xpath
selenium_driver.py         105 INFO     Clicked on element with locator: .//button[@type='submit'] locatorType: Xpath
controller_Page.py         147 INFO     close Add window
selenium_driver.py          72 INFO     Element found with locator: .//a[@class='close_slide ion-android-close'] and  locatorType: xpath
selenium_driver.py         108 INFO     Cannot click on the element with locator: .//a[@class='close_slide ion-android-close'] locatorType: Xpath
controller_Page.py         149 INFO     refresh controller page
controller_Page.py         151 INFO     reload page and wait up to 30 second 
controller_Page.py         153 INFO     
controller_tests.py         50 INFO     controller add process complete now verify newly added controller
controller_Page.py          78 INFO     new Xpath of controller :- .//a[contains(text(),'test')]
selenium_driver.py         222 INFO     Waiting for maximum :: 30 :: seconds for element to be clickable
selenium_driver.py         231 INFO     Element not appeared on the web page
selenium_driver.py          75 INFO     Element not found with locator: .//a[contains(text(),'test')] and  locatorType: xpath
selenium_driver.py         172 INFO     Element not present with locator: .//a[contains(text(),'test')] locatorType: Xpath]]></stdout>
<stderr><![CDATA[  File "D:\software\eclipse\plugins\org.python.pydev_6.2.0.201711281614\pysrc\runfiles.py", line 254, in <module>
    main()
  File "D:\software\eclipse\plugins\org.python.pydev_6.2.0.201711281614\pysrc\runfiles.py", line 246, in main
    return pytest.main(argv)
  File "C:\Python36-32\lib\site-packages\_pytest\config.py", line 59, in main
    return config.hook.pytest_cmdline_main(config=config)
  File "C:\Python36-32\lib\site-packages\pluggy\__init__.py", line 617, in __call__
    return self._hookexec(self, self._nonwrappers + self._wrappers, kwargs)
  File "C:\Python36-32\lib\site-packages\pluggy\__init__.py", line 222, in _hookexec
    return self._inner_hookexec(hook, methods, kwargs)
  File "C:\Python36-32\lib\site-packages\pluggy\__init__.py", line 216, in <lambda>
    firstresult=hook.spec_opts.get('firstresult'),
  File "C:\Python36-32\lib\site-packages\pluggy\callers.py", line 180, in _multicall
    res = hook_impl.function(*args)
  File "C:\Python36-32\lib\site-packages\_pytest\main.py", line 131, in pytest_cmdline_main
    return wrap_session(config, _main)
  File "C:\Python36-32\lib\site-packages\_pytest\main.py", line 100, in wrap_session
    session.exitstatus = doit(config, session) or 0
  File "C:\Python36-32\lib\site-packages\_pytest\main.py", line 138, in _main
    config.hook.pytest_runtestloop(session=session)
  File "C:\Python36-32\lib\site-packages\pluggy\__init__.py", line 617, in __call__
    return self._hookexec(self, self._nonwrappers + self._wrappers, kwargs)
  File "C:\Python36-32\lib\site-packages\pluggy\__init__.py", line 222, in _hookexec
    return self._inner_hookexec(hook, methods, kwargs)
  File "C:\Python36-32\lib\site-packages\pluggy\__init__.py", line 216, in <lambda>
    firstresult=hook.spec_opts.get('firstresult'),
  File "C:\Python36-32\lib\site-packages\pluggy\callers.py", line 180, in _multicall
    res = hook_impl.function(*args)
  File "C:\Python36-32\lib\site-packages\_pytest\main.py", line 161, in pytest_runtestloop
    item.config.hook.pytest_runtest_protocol(item=item, nextitem=nextitem)
  File "C:\Python36-32\lib\site-packages\pluggy\__init__.py", line 617, in __call__
    return self._hookexec(self, self._nonwrappers + self._wrappers, kwargs)
  File "C:\Python36-32\lib\site-packages\pluggy\__init__.py", line 222, in _hookexec
    return self._inner_hookexec(hook, methods, kwargs)
  File "C:\Python36-32\lib\site-packages\pluggy\__init__.py", line 216, in <lambda>
    firstresult=hook.spec_opts.get('firstresult'),
  File "C:\Python36-32\lib\site-packages\pluggy\callers.py", line 180, in _multicall
    res = hook_impl.function(*args)
  File "C:\Python36-32\lib\site-packages\_pytest\runner.py", line 62, in pytest_runtest_protocol
    runtestprotocol(item, nextitem=nextitem)
  File "C:\Python36-32\lib\site-packages\_pytest\runner.py", line 79, in runtestprotocol
    reports.append(call_and_report(item, "call", log))
  File "C:\Python36-32\lib\site-packages\_pytest\runner.py", line 158, in call_and_report
    call = call_runtest_hook(item, when, **kwds)
  File "C:\Python36-32\lib\site-packages\_pytest\runner.py", line 178, in call_runtest_hook
    return CallInfo(lambda: ihook(item=item, **kwds), when=when)
  File "C:\Python36-32\lib\site-packages\_pytest\runner.py", line 192, in __init__
    self.result = func()
  File "C:\Python36-32\lib\site-packages\_pytest\runner.py", line 178, in <lambda>
    return CallInfo(lambda: ihook(item=item, **kwds), when=when)
  File "C:\Python36-32\lib\site-packages\pluggy\__init__.py", line 617, in __call__
    return self._hookexec(self, self._nonwrappers + self._wrappers, kwargs)
  File "C:\Python36-32\lib\site-packages\pluggy\__init__.py", line 222, in _hookexec
    return self._inner_hookexec(hook, methods, kwargs)
  File "C:\Python36-32\lib\site-packages\pluggy\__init__.py", line 216, in <lambda>
    firstresult=hook.spec_opts.get('firstresult'),
  File "C:\Python36-32\lib\site-packages\pluggy\callers.py", line 180, in _multicall
    res = hook_impl.function(*args)
  File "C:\Python36-32\lib\site-packages\_pytest\runner.py", line 109, in pytest_runtest_call
    item.runtest()
  File "C:\Python36-32\lib\site-packages\_pytest\unittest.py", line 174, in runtest
    self._testcase(result=self)
  File "C:\Python36-32\lib\unittest\case.py", line 653, in __call__
    return self.run(*args, **kwds)
  File "C:\Python36-32\lib\unittest\case.py", line 605, in run
    testMethod()
  File "C:\Users\user\workspace\com.instasafev2\src\tests\controller_tests.py", line 49, in test_t1AddController
    self.cp.add_Single_Controller("isademo", "test", "TCP", "1470", "10.14.70.0", "27")
  File "C:\Users\user\workspace\com.instasafev2\src\pages\companyPortal\controller_Page.py", line 148, in add_Single_Controller
    self.closeAddWindow()
  File "C:\Users\user\workspace\com.instasafev2\src\pages\companyPortal\controller_Page.py", line 74, in closeAddWindow
    self.elementClick(locator= self._close_addwindow, locatorType="Xpath", element="closeAddWindow")
  File "C:\Users\user\workspace\com.instasafev2\src\base\selenium_driver.py", line 109, in elementClick
    print_stack()
  File "D:\software\eclipse\plugins\org.python.pydev_6.2.0.201711281614\pysrc\runfiles.py", line 254, in <module>
    main()
  File "D:\software\eclipse\plugins\org.python.pydev_6.2.0.201711281614\pysrc\runfiles.py", line 246, in main
    return pytest.main(argv)
  File "C:\Python36-32\lib\site-packages\_pytest\config.py", line 59, in main
    return config.hook.pytest_cmdline_main(config=config)
  File "C:\Python36-32\lib\site-packages\pluggy\__init__.py", line 617, in __call__
    return self._hookexec(self, self._nonwrappers + self._wrappers, kwargs)
  File "C:\Python36-32\lib\site-packages\pluggy\__init__.py", line 222, in _hookexec
    return self._inner_hookexec(hook, methods, kwargs)
  File "C:\Python36-32\lib\site-packages\pluggy\__init__.py", line 216, in <lambda>
    firstresult=hook.spec_opts.get('firstresult'),
  File "C:\Python36-32\lib\site-packages\pluggy\callers.py", line 180, in _multicall
    res = hook_impl.function(*args)
  File "C:\Python36-32\lib\site-packages\_pytest\main.py", line 131, in pytest_cmdline_main
    return wrap_session(config, _main)
  File "C:\Python36-32\lib\site-packages\_pytest\main.py", line 100, in wrap_session
    session.exitstatus = doit(config, session) or 0
  File "C:\Python36-32\lib\site-packages\_pytest\main.py", line 138, in _main
    config.hook.pytest_runtestloop(session=session)
  File "C:\Python36-32\lib\site-packages\pluggy\__init__.py", line 617, in __call__
    return self._hookexec(self, self._nonwrappers + self._wrappers, kwargs)
  File "C:\Python36-32\lib\site-packages\pluggy\__init__.py", line 222, in _hookexec
    return self._inner_hookexec(hook, methods, kwargs)
  File "C:\Python36-32\lib\site-packages\pluggy\__init__.py", line 216, in <lambda>
    firstresult=hook.spec_opts.get('firstresult'),
  File "C:\Python36-32\lib\site-packages\pluggy\callers.py", line 180, in _multicall
    res = hook_impl.function(*args)
  File "C:\Python36-32\lib\site-packages\_pytest\main.py", line 161, in pytest_runtestloop
    item.config.hook.pytest_runtest_protocol(item=item, nextitem=nextitem)
  File "C:\Python36-32\lib\site-packages\pluggy\__init__.py", line 617, in __call__
    return self._hookexec(self, self._nonwrappers + self._wrappers, kwargs)
  File "C:\Python36-32\lib\site-packages\pluggy\__init__.py", line 222, in _hookexec
    return self._inner_hookexec(hook, methods, kwargs)
  File "C:\Python36-32\lib\site-packages\pluggy\__init__.py", line 216, in <lambda>
    firstresult=hook.spec_opts.get('firstresult'),
  File "C:\Python36-32\lib\site-packages\pluggy\callers.py", line 180, in _multicall
    res = hook_impl.function(*args)
  File "C:\Python36-32\lib\site-packages\_pytest\runner.py", line 62, in pytest_runtest_protocol
    runtestprotocol(item, nextitem=nextitem)
  File "C:\Python36-32\lib\site-packages\_pytest\runner.py", line 79, in runtestprotocol
    reports.append(call_and_report(item, "call", log))
  File "C:\Python36-32\lib\site-packages\_pytest\runner.py", line 158, in call_and_report
    call = call_runtest_hook(item, when, **kwds)
  File "C:\Python36-32\lib\site-packages\_pytest\runner.py", line 178, in call_runtest_hook
    return CallInfo(lambda: ihook(item=item, **kwds), when=when)
  File "C:\Python36-32\lib\site-packages\_pytest\runner.py", line 192, in __init__
    self.result = func()
  File "C:\Python36-32\lib\site-packages\_pytest\runner.py", line 178, in <lambda>
    return CallInfo(lambda: ihook(item=item, **kwds), when=when)
  File "C:\Python36-32\lib\site-packages\pluggy\__init__.py", line 617, in __call__
    return self._hookexec(self, self._nonwrappers + self._wrappers, kwargs)
  File "C:\Python36-32\lib\site-packages\pluggy\__init__.py", line 222, in _hookexec
    return self._inner_hookexec(hook, methods, kwargs)
  File "C:\Python36-32\lib\site-packages\pluggy\__init__.py", line 216, in <lambda>
    firstresult=hook.spec_opts.get('firstresult'),
  File "C:\Python36-32\lib\site-packages\pluggy\callers.py", line 180, in _multicall
    res = hook_impl.function(*args)
  File "C:\Python36-32\lib\site-packages\_pytest\runner.py", line 109, in pytest_runtest_call
    item.runtest()
  File "C:\Python36-32\lib\site-packages\_pytest\unittest.py", line 174, in runtest
    self._testcase(result=self)
  File "C:\Python36-32\lib\unittest\case.py", line 653, in __call__
    return self.run(*args, **kwds)
  File "C:\Python36-32\lib\unittest\case.py", line 605, in run
    testMethod()
  File "C:\Users\user\workspace\com.instasafev2\src\tests\controller_tests.py", line 51, in test_t1AddController
    result = self.cp.verify_Controller_entry("test")
  File "C:\Users\user\workspace\com.instasafev2\src\pages\companyPortal\controller_Page.py", line 79, in verify_Controller_entry
    self.waitForElement(locator= controller_entry, locatorType="Xpath", timeout=30, pollFrequency=1)
  File "C:\Users\user\workspace\com.instasafev2\src\base\selenium_driver.py", line 232, in waitForElement
    print_stack()
----------------------------- Exceptions -----------------------------
self = <tests.controller_tests.Test_ControllerTests testMethod=test_t1AddController>

    @pytest.mark.run(order = 0)
    def test_t1AddController(self):
        self.log.info("*#" * 20)
        self.log.info("test_t1Addcontroller start")
        self.log.info("*#" * 20)
        self.log.info("navigate to controller page")
        self.cp.navigate_to_Controller_Add_window()
        self.log.info("navigate to controller Add page")
        self.cp.add_Single_Controller("isademo", "test", "TCP", "1470", "10.14.70.0", "27")
        self.log.info("controller add process complete now verify newly added controller")
        result = self.cp.verify_Controller_entry("test")
>       assert result == True
E       AssertionError: assert False == True

tests\controller_tests.py:52: AssertionError]]></stderr>
</test>
<launch mode="run">
<launch_memento><![CDATA[<?xml version="1.0" encoding="UTF-8" standalone="no"?>
<launchConfiguration local="true" path="com.instasafev2 controller_tests.py"/>
]]></launch_memento>
</launch>
</pydev-testsuite>
