<?xml version="1.0" encoding="UTF-8" standalone="no"?>
<?pydev-testrun version="1.0"?><pydev-testsuite>
<summary errors="0" failures="2" finished="true" name="Test Run: 36" tests="2" total_time="Finished in: 133.11 secs."/>
<test location="C:\Users\user\workspace\com.instasafev2\src\tests\controller_tests.py" status="fail" test="Test_ControllerTests.test_delete_controller" time="57.36">
<stdout><![CDATA[  File "D:\software\eclipse\plugins\org.python.pydev_6.2.0.201711281614\pysrc\runfiles.py", line 254, in <module>
    main()
  File "D:\software\eclipse\plugins\org.python.pydev_6.2.0.201711281614\pysrc\runfiles.py", line 246, in main
    return pytest.main(argv)
  File "C:\Python36-32\lib\site-packages\_pytest\config.py", line 59, in main
    return config.hook.pytest_cmdline_main(config=config)
  File "C:\Python36-32\lib\site-packages\pluggy\__init__.py", line 617, in __call__
    return self._hookexec(self, self._nonwrappers + self._wrappers, kwargs)
  File "C:\Python36-32\lib\site-packages\pluggy\__init__.py", line 222, in _hookexec
    return self._inner_hookexec(hook, methods, kwargs)
  File "C:\Python36-32\lib\site-packages\pluggy\__init__.py", line 216, in <lambda>
    firstresult=hook.spec_opts.get('firstresult'),
  File "C:\Python36-32\lib\site-packages\pluggy\callers.py", line 180, in _multicall
    res = hook_impl.function(*args)
  File "C:\Python36-32\lib\site-packages\_pytest\main.py", line 131, in pytest_cmdline_main
    return wrap_session(config, _main)
  File "C:\Python36-32\lib\site-packages\_pytest\main.py", line 100, in wrap_session
    session.exitstatus = doit(config, session) or 0
  File "C:\Python36-32\lib\site-packages\_pytest\main.py", line 138, in _main
    config.hook.pytest_runtestloop(session=session)
  File "C:\Python36-32\lib\site-packages\pluggy\__init__.py", line 617, in __call__
    return self._hookexec(self, self._nonwrappers + self._wrappers, kwargs)
  File "C:\Python36-32\lib\site-packages\pluggy\__init__.py", line 222, in _hookexec
    return self._inner_hookexec(hook, methods, kwargs)
  File "C:\Python36-32\lib\site-packages\pluggy\__init__.py", line 216, in <lambda>
    firstresult=hook.spec_opts.get('firstresult'),
  File "C:\Python36-32\lib\site-packages\pluggy\callers.py", line 180, in _multicall
    res = hook_impl.function(*args)
  File "C:\Python36-32\lib\site-packages\_pytest\main.py", line 161, in pytest_runtestloop
    item.config.hook.pytest_runtest_protocol(item=item, nextitem=nextitem)
  File "C:\Python36-32\lib\site-packages\pluggy\__init__.py", line 617, in __call__
    return self._hookexec(self, self._nonwrappers + self._wrappers, kwargs)
  File "C:\Python36-32\lib\site-packages\pluggy\__init__.py", line 222, in _hookexec
    return self._inner_hookexec(hook, methods, kwargs)
  File "C:\Python36-32\lib\site-packages\pluggy\__init__.py", line 216, in <lambda>
    firstresult=hook.spec_opts.get('firstresult'),
  File "C:\Python36-32\lib\site-packages\pluggy\callers.py", line 180, in _multicall
    res = hook_impl.function(*args)
  File "C:\Python36-32\lib\site-packages\_pytest\runner.py", line 62, in pytest_runtest_protocol
    runtestprotocol(item, nextitem=nextitem)
  File "C:\Python36-32\lib\site-packages\_pytest\runner.py", line 79, in runtestprotocol
    reports.append(call_and_report(item, "call", log))
  File "C:\Python36-32\lib\site-packages\_pytest\runner.py", line 158, in call_and_report
    call = call_runtest_hook(item, when, **kwds)
  File "C:\Python36-32\lib\site-packages\_pytest\runner.py", line 178, in call_runtest_hook
    return CallInfo(lambda: ihook(item=item, **kwds), when=when)
  File "C:\Python36-32\lib\site-packages\_pytest\runner.py", line 192, in __init__
    self.result = func()
  File "C:\Python36-32\lib\site-packages\_pytest\runner.py", line 178, in <lambda>
    return CallInfo(lambda: ihook(item=item, **kwds), when=when)
  File "C:\Python36-32\lib\site-packages\pluggy\__init__.py", line 617, in __call__
    return self._hookexec(self, self._nonwrappers + self._wrappers, kwargs)
  File "C:\Python36-32\lib\site-packages\pluggy\__init__.py", line 222, in _hookexec
    return self._inner_hookexec(hook, methods, kwargs)
  File "C:\Python36-32\lib\site-packages\pluggy\__init__.py", line 216, in <lambda>
    firstresult=hook.spec_opts.get('firstresult'),
  File "C:\Python36-32\lib\site-packages\pluggy\callers.py", line 180, in _multicall
    res = hook_impl.function(*args)
  File "C:\Python36-32\lib\site-packages\_pytest\runner.py", line 109, in pytest_runtest_call
    item.runtest()
  File "C:\Python36-32\lib\site-packages\_pytest\unittest.py", line 174, in runtest
    self._testcase(result=self)
  File "C:\Python36-32\lib\unittest\case.py", line 653, in __call__
    return self.run(*args, **kwds)
  File "C:\Python36-32\lib\unittest\case.py", line 605, in run
    testMethod()
  File "C:\Users\user\workspace\com.instasafev2\src\tests\controller_tests.py", line 59, in test_delete_controller
    result = self.cp.delete_Sigle_Controller("test")
  File "C:\Users\user\workspace\com.instasafev2\src\pages\companyPortal\controller_Page.py", line 167, in delete_Sigle_Controller
    value = self.verify_Controller_entry(name)
  File "C:\Users\user\workspace\com.instasafev2\src\pages\companyPortal\controller_Page.py", line 79, in verify_Controller_entry
    self.waitForElement(locator= controller_entry, locatorType="Xpath", timeout=30, pollFrequency=1)
  File "C:\Users\user\workspace\com.instasafev2\src\base\selenium_driver.py", line 232, in waitForElement
    print_stack()
controller_tests.py         54 INFO     *#*#*#*#*#*#*#*#*#*#*#*#*#*#*#*#*#*#*#*#
controller_tests.py         55 INFO     test_delete_controller
controller_tests.py         56 INFO     *#*#*#*#*#*#*#*#*#*#*#*#*#*#*#*#*#*#*#*#
controller_tests.py         57 INFO     navigate to controller page
selenium_driver.py         222 INFO     Waiting for maximum :: 10 :: seconds for element to be clickable
selenium_driver.py         229 INFO     Element appeared on the web page
selenium_driver.py          72 INFO     Element found with locator: .//i[@class='icons ion-gear-a'] and  locatorType: xpath
selenium_driver.py         105 INFO     Clicked on element with locator: .//i[@class='icons ion-gear-a'] locatorType: Xpath
selenium_driver.py         222 INFO     Waiting for maximum :: 10 :: seconds for element to be clickable
selenium_driver.py         229 INFO     Element appeared on the web page
selenium_driver.py          72 INFO     Element found with locator: .//a[contains(text(),'Controllers')] and  locatorType: xpath
selenium_driver.py         105 INFO     Clicked on element with locator: .//a[contains(text(),'Controllers')] locatorType: Xpath
controller_Page.py          91 INFO     Updated Xpath is as follow .//a[contains(text(),'controller')]
controller_Page.py          78 INFO     new Xpath of controller :- .//a[contains(text(),'test')]
selenium_driver.py         222 INFO     Waiting for maximum :: 30 :: seconds for element to be clickable
selenium_driver.py         231 INFO     Element not appeared on the web page
selenium_driver.py          75 INFO     Element not found with locator: .//a[contains(text(),'test')] and  locatorType: xpath
selenium_driver.py         172 INFO     Element not present with locator: .//a[contains(text(),'test')] locatorType: Xpath
controller_Page.py         179 INFO     desire controller test doesn't found]]></stdout>
<stderr><![CDATA[  File "D:\software\eclipse\plugins\org.python.pydev_6.2.0.201711281614\pysrc\runfiles.py", line 254, in <module>
    main()
  File "D:\software\eclipse\plugins\org.python.pydev_6.2.0.201711281614\pysrc\runfiles.py", line 246, in main
    return pytest.main(argv)
  File "C:\Python36-32\lib\site-packages\_pytest\config.py", line 59, in main
    return config.hook.pytest_cmdline_main(config=config)
  File "C:\Python36-32\lib\site-packages\pluggy\__init__.py", line 617, in __call__
    return self._hookexec(self, self._nonwrappers + self._wrappers, kwargs)
  File "C:\Python36-32\lib\site-packages\pluggy\__init__.py", line 222, in _hookexec
    return self._inner_hookexec(hook, methods, kwargs)
  File "C:\Python36-32\lib\site-packages\pluggy\__init__.py", line 216, in <lambda>
    firstresult=hook.spec_opts.get('firstresult'),
  File "C:\Python36-32\lib\site-packages\pluggy\callers.py", line 180, in _multicall
    res = hook_impl.function(*args)
  File "C:\Python36-32\lib\site-packages\_pytest\main.py", line 131, in pytest_cmdline_main
    return wrap_session(config, _main)
  File "C:\Python36-32\lib\site-packages\_pytest\main.py", line 100, in wrap_session
    session.exitstatus = doit(config, session) or 0
  File "C:\Python36-32\lib\site-packages\_pytest\main.py", line 138, in _main
    config.hook.pytest_runtestloop(session=session)
  File "C:\Python36-32\lib\site-packages\pluggy\__init__.py", line 617, in __call__
    return self._hookexec(self, self._nonwrappers + self._wrappers, kwargs)
  File "C:\Python36-32\lib\site-packages\pluggy\__init__.py", line 222, in _hookexec
    return self._inner_hookexec(hook, methods, kwargs)
  File "C:\Python36-32\lib\site-packages\pluggy\__init__.py", line 216, in <lambda>
    firstresult=hook.spec_opts.get('firstresult'),
  File "C:\Python36-32\lib\site-packages\pluggy\callers.py", line 180, in _multicall
    res = hook_impl.function(*args)
  File "C:\Python36-32\lib\site-packages\_pytest\main.py", line 161, in pytest_runtestloop
    item.config.hook.pytest_runtest_protocol(item=item, nextitem=nextitem)
  File "C:\Python36-32\lib\site-packages\pluggy\__init__.py", line 617, in __call__
    return self._hookexec(self, self._nonwrappers + self._wrappers, kwargs)
  File "C:\Python36-32\lib\site-packages\pluggy\__init__.py", line 222, in _hookexec
    return self._inner_hookexec(hook, methods, kwargs)
  File "C:\Python36-32\lib\site-packages\pluggy\__init__.py", line 216, in <lambda>
    firstresult=hook.spec_opts.get('firstresult'),
  File "C:\Python36-32\lib\site-packages\pluggy\callers.py", line 180, in _multicall
    res = hook_impl.function(*args)
  File "C:\Python36-32\lib\site-packages\_pytest\runner.py", line 62, in pytest_runtest_protocol
    runtestprotocol(item, nextitem=nextitem)
  File "C:\Python36-32\lib\site-packages\_pytest\runner.py", line 79, in runtestprotocol
    reports.append(call_and_report(item, "call", log))
  File "C:\Python36-32\lib\site-packages\_pytest\runner.py", line 158, in call_and_report
    call = call_runtest_hook(item, when, **kwds)
  File "C:\Python36-32\lib\site-packages\_pytest\runner.py", line 178, in call_runtest_hook
    return CallInfo(lambda: ihook(item=item, **kwds), when=when)
  File "C:\Python36-32\lib\site-packages\_pytest\runner.py", line 192, in __init__
    self.result = func()
  File "C:\Python36-32\lib\site-packages\_pytest\runner.py", line 178, in <lambda>
    return CallInfo(lambda: ihook(item=item, **kwds), when=when)
  File "C:\Python36-32\lib\site-packages\pluggy\__init__.py", line 617, in __call__
    return self._hookexec(self, self._nonwrappers + self._wrappers, kwargs)
  File "C:\Python36-32\lib\site-packages\pluggy\__init__.py", line 222, in _hookexec
    return self._inner_hookexec(hook, methods, kwargs)
  File "C:\Python36-32\lib\site-packages\pluggy\__init__.py", line 216, in <lambda>
    firstresult=hook.spec_opts.get('firstresult'),
  File "C:\Python36-32\lib\site-packages\pluggy\callers.py", line 180, in _multicall
    res = hook_impl.function(*args)
  File "C:\Python36-32\lib\site-packages\_pytest\runner.py", line 109, in pytest_runtest_call
    item.runtest()
  File "C:\Python36-32\lib\site-packages\_pytest\unittest.py", line 174, in runtest
    self._testcase(result=self)
  File "C:\Python36-32\lib\unittest\case.py", line 653, in __call__
    return self.run(*args, **kwds)
  File "C:\Python36-32\lib\unittest\case.py", line 605, in run
    testMethod()
  File "C:\Users\user\workspace\com.instasafev2\src\tests\controller_tests.py", line 59, in test_delete_controller
    result = self.cp.delete_Sigle_Controller("test")
  File "C:\Users\user\workspace\com.instasafev2\src\pages\companyPortal\controller_Page.py", line 167, in delete_Sigle_Controller
    value = self.verify_Controller_entry(name)
  File "C:\Users\user\workspace\com.instasafev2\src\pages\companyPortal\controller_Page.py", line 79, in verify_Controller_entry
    self.waitForElement(locator= controller_entry, locatorType="Xpath", timeout=30, pollFrequency=1)
  File "C:\Users\user\workspace\com.instasafev2\src\base\selenium_driver.py", line 232, in waitForElement
    print_stack()
----------------------------- Exceptions -----------------------------
self = <tests.controller_tests.Test_ControllerTests testMethod=test_delete_controller>

    @pytest.mark.run( after = "test_t1AddController")
    def test_delete_controller(self):
        self.log.info("*#" * 20)
        self.log.info("test_delete_controller")
        self.log.info("*#" * 20)
        self.log.info("navigate to controller page")
        self.cp.navigateControllerPage()
        result = self.cp.delete_Sigle_Controller("test")
>       assert result == True
E       AssertionError: assert False == True

tests\controller_tests.py:60: AssertionError]]></stderr>
</test>
<test location="C:\Users\user\workspace\com.instasafev2\src\tests\controller_tests.py" status="fail" test="Test_ControllerTests.test_t1AddController" time="58.20">
<stdout><![CDATA[  File "D:\software\eclipse\plugins\org.python.pydev_6.2.0.201711281614\pysrc\runfiles.py", line 254, in <module>
    main()
  File "D:\software\eclipse\plugins\org.python.pydev_6.2.0.201711281614\pysrc\runfiles.py", line 246, in main
    return pytest.main(argv)
  File "C:\Python36-32\lib\site-packages\_pytest\config.py", line 59, in main
    return config.hook.pytest_cmdline_main(config=config)
  File "C:\Python36-32\lib\site-packages\pluggy\__init__.py", line 617, in __call__
    return self._hookexec(self, self._nonwrappers + self._wrappers, kwargs)
  File "C:\Python36-32\lib\site-packages\pluggy\__init__.py", line 222, in _hookexec
    return self._inner_hookexec(hook, methods, kwargs)
  File "C:\Python36-32\lib\site-packages\pluggy\__init__.py", line 216, in <lambda>
    firstresult=hook.spec_opts.get('firstresult'),
  File "C:\Python36-32\lib\site-packages\pluggy\callers.py", line 180, in _multicall
    res = hook_impl.function(*args)
  File "C:\Python36-32\lib\site-packages\_pytest\main.py", line 131, in pytest_cmdline_main
    return wrap_session(config, _main)
  File "C:\Python36-32\lib\site-packages\_pytest\main.py", line 100, in wrap_session
    session.exitstatus = doit(config, session) or 0
  File "C:\Python36-32\lib\site-packages\_pytest\main.py", line 138, in _main
    config.hook.pytest_runtestloop(session=session)
  File "C:\Python36-32\lib\site-packages\pluggy\__init__.py", line 617, in __call__
    return self._hookexec(self, self._nonwrappers + self._wrappers, kwargs)
  File "C:\Python36-32\lib\site-packages\pluggy\__init__.py", line 222, in _hookexec
    return self._inner_hookexec(hook, methods, kwargs)
  File "C:\Python36-32\lib\site-packages\pluggy\__init__.py", line 216, in <lambda>
    firstresult=hook.spec_opts.get('firstresult'),
  File "C:\Python36-32\lib\site-packages\pluggy\callers.py", line 180, in _multicall
    res = hook_impl.function(*args)
  File "C:\Python36-32\lib\site-packages\_pytest\main.py", line 161, in pytest_runtestloop
    item.config.hook.pytest_runtest_protocol(item=item, nextitem=nextitem)
  File "C:\Python36-32\lib\site-packages\pluggy\__init__.py", line 617, in __call__
    return self._hookexec(self, self._nonwrappers + self._wrappers, kwargs)
  File "C:\Python36-32\lib\site-packages\pluggy\__init__.py", line 222, in _hookexec
    return self._inner_hookexec(hook, methods, kwargs)
  File "C:\Python36-32\lib\site-packages\pluggy\__init__.py", line 216, in <lambda>
    firstresult=hook.spec_opts.get('firstresult'),
  File "C:\Python36-32\lib\site-packages\pluggy\callers.py", line 180, in _multicall
    res = hook_impl.function(*args)
  File "C:\Python36-32\lib\site-packages\_pytest\runner.py", line 62, in pytest_runtest_protocol
    runtestprotocol(item, nextitem=nextitem)
  File "C:\Python36-32\lib\site-packages\_pytest\runner.py", line 79, in runtestprotocol
    reports.append(call_and_report(item, "call", log))
  File "C:\Python36-32\lib\site-packages\_pytest\runner.py", line 158, in call_and_report
    call = call_runtest_hook(item, when, **kwds)
  File "C:\Python36-32\lib\site-packages\_pytest\runner.py", line 178, in call_runtest_hook
    return CallInfo(lambda: ihook(item=item, **kwds), when=when)
  File "C:\Python36-32\lib\site-packages\_pytest\runner.py", line 192, in __init__
    self.result = func()
  File "C:\Python36-32\lib\site-packages\_pytest\runner.py", line 178, in <lambda>
    return CallInfo(lambda: ihook(item=item, **kwds), when=when)
  File "C:\Python36-32\lib\site-packages\pluggy\__init__.py", line 617, in __call__
    return self._hookexec(self, self._nonwrappers + self._wrappers, kwargs)
  File "C:\Python36-32\lib\site-packages\pluggy\__init__.py", line 222, in _hookexec
    return self._inner_hookexec(hook, methods, kwargs)
  File "C:\Python36-32\lib\site-packages\pluggy\__init__.py", line 216, in <lambda>
    firstresult=hook.spec_opts.get('firstresult'),
  File "C:\Python36-32\lib\site-packages\pluggy\callers.py", line 180, in _multicall
    res = hook_impl.function(*args)
  File "C:\Python36-32\lib\site-packages\_pytest\runner.py", line 109, in pytest_runtest_call
    item.runtest()
  File "C:\Python36-32\lib\site-packages\_pytest\unittest.py", line 174, in runtest
    self._testcase(result=self)
  File "C:\Python36-32\lib\unittest\case.py", line 653, in __call__
    return self.run(*args, **kwds)
  File "C:\Python36-32\lib\unittest\case.py", line 605, in run
    testMethod()
  File "C:\Users\user\workspace\com.instasafev2\src\tests\controller_tests.py", line 45, in test_t1AddController
    self.cp.add_Single_Controller("isademo", "test", "TCP", "1270", "10.12.70.0", "27")
  File "C:\Users\user\workspace\com.instasafev2\src\pages\companyPortal\controller_Page.py", line 146, in add_Single_Controller
    self.clickSaveButton()
  File "C:\Users\user\workspace\com.instasafev2\src\pages\companyPortal\controller_Page.py", line 71, in clickSaveButton
    self.elementClick(locator =self._save_button, locatorType="Xpath")
  File "C:\Users\user\workspace\com.instasafev2\src\base\selenium_driver.py", line 109, in elementClick
    print_stack()
  File "D:\software\eclipse\plugins\org.python.pydev_6.2.0.201711281614\pysrc\runfiles.py", line 254, in <module>
    main()
  File "D:\software\eclipse\plugins\org.python.pydev_6.2.0.201711281614\pysrc\runfiles.py", line 246, in main
    return pytest.main(argv)
  File "C:\Python36-32\lib\site-packages\_pytest\config.py", line 59, in main
    return config.hook.pytest_cmdline_main(config=config)
  File "C:\Python36-32\lib\site-packages\pluggy\__init__.py", line 617, in __call__
    return self._hookexec(self, self._nonwrappers + self._wrappers, kwargs)
  File "C:\Python36-32\lib\site-packages\pluggy\__init__.py", line 222, in _hookexec
    return self._inner_hookexec(hook, methods, kwargs)
  File "C:\Python36-32\lib\site-packages\pluggy\__init__.py", line 216, in <lambda>
    firstresult=hook.spec_opts.get('firstresult'),
  File "C:\Python36-32\lib\site-packages\pluggy\callers.py", line 180, in _multicall
    res = hook_impl.function(*args)
  File "C:\Python36-32\lib\site-packages\_pytest\main.py", line 131, in pytest_cmdline_main
    return wrap_session(config, _main)
  File "C:\Python36-32\lib\site-packages\_pytest\main.py", line 100, in wrap_session
    session.exitstatus = doit(config, session) or 0
  File "C:\Python36-32\lib\site-packages\_pytest\main.py", line 138, in _main
    config.hook.pytest_runtestloop(session=session)
  File "C:\Python36-32\lib\site-packages\pluggy\__init__.py", line 617, in __call__
    return self._hookexec(self, self._nonwrappers + self._wrappers, kwargs)
  File "C:\Python36-32\lib\site-packages\pluggy\__init__.py", line 222, in _hookexec
    return self._inner_hookexec(hook, methods, kwargs)
  File "C:\Python36-32\lib\site-packages\pluggy\__init__.py", line 216, in <lambda>
    firstresult=hook.spec_opts.get('firstresult'),
  File "C:\Python36-32\lib\site-packages\pluggy\callers.py", line 180, in _multicall
    res = hook_impl.function(*args)
  File "C:\Python36-32\lib\site-packages\_pytest\main.py", line 161, in pytest_runtestloop
    item.config.hook.pytest_runtest_protocol(item=item, nextitem=nextitem)
  File "C:\Python36-32\lib\site-packages\pluggy\__init__.py", line 617, in __call__
    return self._hookexec(self, self._nonwrappers + self._wrappers, kwargs)
  File "C:\Python36-32\lib\site-packages\pluggy\__init__.py", line 222, in _hookexec
    return self._inner_hookexec(hook, methods, kwargs)
  File "C:\Python36-32\lib\site-packages\pluggy\__init__.py", line 216, in <lambda>
    firstresult=hook.spec_opts.get('firstresult'),
  File "C:\Python36-32\lib\site-packages\pluggy\callers.py", line 180, in _multicall
    res = hook_impl.function(*args)
  File "C:\Python36-32\lib\site-packages\_pytest\runner.py", line 62, in pytest_runtest_protocol
    runtestprotocol(item, nextitem=nextitem)
  File "C:\Python36-32\lib\site-packages\_pytest\runner.py", line 79, in runtestprotocol
    reports.append(call_and_report(item, "call", log))
  File "C:\Python36-32\lib\site-packages\_pytest\runner.py", line 158, in call_and_report
    call = call_runtest_hook(item, when, **kwds)
  File "C:\Python36-32\lib\site-packages\_pytest\runner.py", line 178, in call_runtest_hook
    return CallInfo(lambda: ihook(item=item, **kwds), when=when)
  File "C:\Python36-32\lib\site-packages\_pytest\runner.py", line 192, in __init__
    self.result = func()
  File "C:\Python36-32\lib\site-packages\_pytest\runner.py", line 178, in <lambda>
    return CallInfo(lambda: ihook(item=item, **kwds), when=when)
  File "C:\Python36-32\lib\site-packages\pluggy\__init__.py", line 617, in __call__
    return self._hookexec(self, self._nonwrappers + self._wrappers, kwargs)
  File "C:\Python36-32\lib\site-packages\pluggy\__init__.py", line 222, in _hookexec
    return self._inner_hookexec(hook, methods, kwargs)
  File "C:\Python36-32\lib\site-packages\pluggy\__init__.py", line 216, in <lambda>
    firstresult=hook.spec_opts.get('firstresult'),
  File "C:\Python36-32\lib\site-packages\pluggy\callers.py", line 180, in _multicall
    res = hook_impl.function(*args)
  File "C:\Python36-32\lib\site-packages\_pytest\runner.py", line 109, in pytest_runtest_call
    item.runtest()
  File "C:\Python36-32\lib\site-packages\_pytest\unittest.py", line 174, in runtest
    self._testcase(result=self)
  File "C:\Python36-32\lib\unittest\case.py", line 653, in __call__
    return self.run(*args, **kwds)
  File "C:\Python36-32\lib\unittest\case.py", line 605, in run
    testMethod()
  File "C:\Users\user\workspace\com.instasafev2\src\tests\controller_tests.py", line 45, in test_t1AddController
    self.cp.add_Single_Controller("isademo", "test", "TCP", "1270", "10.12.70.0", "27")
  File "C:\Users\user\workspace\com.instasafev2\src\pages\companyPortal\controller_Page.py", line 148, in add_Single_Controller
    self.closeAddWindow()
  File "C:\Users\user\workspace\com.instasafev2\src\pages\companyPortal\controller_Page.py", line 74, in closeAddWindow
    self.elementClick(locator= self._close_addwindow, locatorType="Xpath", element="closeAddWindow")
  File "C:\Users\user\workspace\com.instasafev2\src\base\selenium_driver.py", line 109, in elementClick
    print_stack()
controller_tests.py         39 INFO     *#*#*#*#*#*#*#*#*#*#*#*#*#*#*#*#*#*#*#*#
controller_tests.py         40 INFO     test_t1Addcontroller start
controller_tests.py         41 INFO     *#*#*#*#*#*#*#*#*#*#*#*#*#*#*#*#*#*#*#*#
controller_tests.py         42 INFO     navigate to controller page
selenium_driver.py         222 INFO     Waiting for maximum :: 10 :: seconds for element to be clickable
selenium_driver.py         229 INFO     Element appeared on the web page
selenium_driver.py          72 INFO     Element found with locator: .//i[@class='icons ion-gear-a'] and  locatorType: xpath
selenium_driver.py         105 INFO     Clicked on element with locator: .//i[@class='icons ion-gear-a'] locatorType: Xpath
selenium_driver.py         222 INFO     Waiting for maximum :: 10 :: seconds for element to be clickable
selenium_driver.py         229 INFO     Element appeared on the web page
selenium_driver.py          72 INFO     Element found with locator: .//a[contains(text(),'Controllers')] and  locatorType: xpath
selenium_driver.py         105 INFO     Clicked on element with locator: .//a[contains(text(),'Controllers')] locatorType: Xpath
selenium_driver.py         222 INFO     Waiting for maximum :: 10 :: seconds for element to be clickable
selenium_driver.py         229 INFO     Element appeared on the web page
selenium_driver.py          72 INFO     Element found with locator: .//button[contains(text(),'Add')] and  locatorType: xpath
selenium_driver.py         105 INFO     Clicked on element with locator: .//button[contains(text(),'Add')] locatorType: xpath
selenium_driver.py          72 INFO     Element found with locator: .//h2[contains(text(),'Add Controller')] and  locatorType: xpath
selenium_driver.py         168 INFO     Element present with locator: .//h2[contains(text(),'Add Controller')] locatorType: Xpath
controller_Page.py          48 INFO     Add window appear status is True
controller_tests.py         44 INFO     navigate to controller Add page
controller_Page.py         131 INFO     clear all data field
selenium_driver.py          72 INFO     Element found with locator: .//*[@id='port'] and  locatorType: xpath
controller_Page.py         133 INFO     select cloud server
selenium_driver.py          72 INFO     Element found with locator: .//div[@class='selectize-input'] and  locatorType: xpath
selenium_driver.py         105 INFO     Clicked on element with locator: .//div[@class='selectize-input'] locatorType: xpath
selenium_driver.py         260 INFO     run single drop down element
selenium_driver.py          89 INFO     Element list found with locator: .//div[@role='option'] and locatorType: xpath
selenium_driver.py         266 INFO     isademo
controller_Page.py         135 INFO     Enter controller name
selenium_driver.py          72 INFO     Element found with locator: .//*[@id='vpn_name'] and  locatorType: xpath
selenium_driver.py         121 INFO     Sent data on element with locator: .//*[@id='vpn_name'] locatorType: xpath
controller_Page.py         137 INFO     select protocol
selenium_driver.py         260 INFO     run single drop down element
selenium_driver.py          89 INFO     Element list found with locator: .//*[@id='protocol']/option and locatorType: xpath
selenium_driver.py         266 INFO     Select Protocol
selenium_driver.py         266 INFO     TCP
controller_Page.py         139 INFO     enter port number
selenium_driver.py          72 INFO     Element found with locator: .//*[@id='port'] and  locatorType: xpath
selenium_driver.py         121 INFO     Sent data on element with locator: .//*[@id='port'] locatorType: xpath
controller_Page.py         141 INFO     enter IP address / network address
selenium_driver.py          72 INFO     Element found with locator: .//*[@id='network'] and  locatorType: xpath
selenium_driver.py         121 INFO     Sent data on element with locator: .//*[@id='network'] locatorType: xpath
controller_Page.py         143 INFO     enter net mask bit
selenium_driver.py          72 INFO     Element found with locator: .//div[@name='netmask_bits']/descendant::div[@class='selectize-input'] and  locatorType: xpath
selenium_driver.py         105 INFO     Clicked on element with locator: .//div[@name='netmask_bits']/descendant::div[@class='selectize-input'] locatorType: xpath
selenium_driver.py         260 INFO     run single drop down element
selenium_driver.py          89 INFO     Element list found with locator: .//div[@role='option'] and locatorType: xpath
selenium_driver.py         266 INFO     16
selenium_driver.py         266 INFO     17
selenium_driver.py         266 INFO     18
selenium_driver.py         266 INFO     19
selenium_driver.py         266 INFO     20
selenium_driver.py         266 INFO     21
selenium_driver.py         266 INFO     22
selenium_driver.py         266 INFO     23
selenium_driver.py         266 INFO     24
selenium_driver.py         266 INFO     25
selenium_driver.py         266 INFO     26
selenium_driver.py         266 INFO     27
controller_Page.py         145 INFO     click on save button to save data
selenium_driver.py          75 INFO     Element not found with locator: .//button[@class='theme-sm-btn theme-purple-btn btn-save'] and  locatorType: xpath
selenium_driver.py         108 INFO     Cannot click on the element with locator: .//button[@class='theme-sm-btn theme-purple-btn btn-save'] locatorType: Xpath
controller_Page.py         147 INFO     close Add window
selenium_driver.py          72 INFO     Element found with locator: .//a[@class='close_slide ion-android-close'] and  locatorType: xpath
selenium_driver.py         108 INFO     Cannot click on the element with locator: .//a[@class='close_slide ion-android-close'] locatorType: Xpath
controller_Page.py         149 INFO     refresh controller page]]></stdout>
<stderr><![CDATA[  File "D:\software\eclipse\plugins\org.python.pydev_6.2.0.201711281614\pysrc\runfiles.py", line 254, in <module>
    main()
  File "D:\software\eclipse\plugins\org.python.pydev_6.2.0.201711281614\pysrc\runfiles.py", line 246, in main
    return pytest.main(argv)
  File "C:\Python36-32\lib\site-packages\_pytest\config.py", line 59, in main
    return config.hook.pytest_cmdline_main(config=config)
  File "C:\Python36-32\lib\site-packages\pluggy\__init__.py", line 617, in __call__
    return self._hookexec(self, self._nonwrappers + self._wrappers, kwargs)
  File "C:\Python36-32\lib\site-packages\pluggy\__init__.py", line 222, in _hookexec
    return self._inner_hookexec(hook, methods, kwargs)
  File "C:\Python36-32\lib\site-packages\pluggy\__init__.py", line 216, in <lambda>
    firstresult=hook.spec_opts.get('firstresult'),
  File "C:\Python36-32\lib\site-packages\pluggy\callers.py", line 180, in _multicall
    res = hook_impl.function(*args)
  File "C:\Python36-32\lib\site-packages\_pytest\main.py", line 131, in pytest_cmdline_main
    return wrap_session(config, _main)
  File "C:\Python36-32\lib\site-packages\_pytest\main.py", line 100, in wrap_session
    session.exitstatus = doit(config, session) or 0
  File "C:\Python36-32\lib\site-packages\_pytest\main.py", line 138, in _main
    config.hook.pytest_runtestloop(session=session)
  File "C:\Python36-32\lib\site-packages\pluggy\__init__.py", line 617, in __call__
    return self._hookexec(self, self._nonwrappers + self._wrappers, kwargs)
  File "C:\Python36-32\lib\site-packages\pluggy\__init__.py", line 222, in _hookexec
    return self._inner_hookexec(hook, methods, kwargs)
  File "C:\Python36-32\lib\site-packages\pluggy\__init__.py", line 216, in <lambda>
    firstresult=hook.spec_opts.get('firstresult'),
  File "C:\Python36-32\lib\site-packages\pluggy\callers.py", line 180, in _multicall
    res = hook_impl.function(*args)
  File "C:\Python36-32\lib\site-packages\_pytest\main.py", line 161, in pytest_runtestloop
    item.config.hook.pytest_runtest_protocol(item=item, nextitem=nextitem)
  File "C:\Python36-32\lib\site-packages\pluggy\__init__.py", line 617, in __call__
    return self._hookexec(self, self._nonwrappers + self._wrappers, kwargs)
  File "C:\Python36-32\lib\site-packages\pluggy\__init__.py", line 222, in _hookexec
    return self._inner_hookexec(hook, methods, kwargs)
  File "C:\Python36-32\lib\site-packages\pluggy\__init__.py", line 216, in <lambda>
    firstresult=hook.spec_opts.get('firstresult'),
  File "C:\Python36-32\lib\site-packages\pluggy\callers.py", line 180, in _multicall
    res = hook_impl.function(*args)
  File "C:\Python36-32\lib\site-packages\_pytest\runner.py", line 62, in pytest_runtest_protocol
    runtestprotocol(item, nextitem=nextitem)
  File "C:\Python36-32\lib\site-packages\_pytest\runner.py", line 79, in runtestprotocol
    reports.append(call_and_report(item, "call", log))
  File "C:\Python36-32\lib\site-packages\_pytest\runner.py", line 158, in call_and_report
    call = call_runtest_hook(item, when, **kwds)
  File "C:\Python36-32\lib\site-packages\_pytest\runner.py", line 178, in call_runtest_hook
    return CallInfo(lambda: ihook(item=item, **kwds), when=when)
  File "C:\Python36-32\lib\site-packages\_pytest\runner.py", line 192, in __init__
    self.result = func()
  File "C:\Python36-32\lib\site-packages\_pytest\runner.py", line 178, in <lambda>
    return CallInfo(lambda: ihook(item=item, **kwds), when=when)
  File "C:\Python36-32\lib\site-packages\pluggy\__init__.py", line 617, in __call__
    return self._hookexec(self, self._nonwrappers + self._wrappers, kwargs)
  File "C:\Python36-32\lib\site-packages\pluggy\__init__.py", line 222, in _hookexec
    return self._inner_hookexec(hook, methods, kwargs)
  File "C:\Python36-32\lib\site-packages\pluggy\__init__.py", line 216, in <lambda>
    firstresult=hook.spec_opts.get('firstresult'),
  File "C:\Python36-32\lib\site-packages\pluggy\callers.py", line 180, in _multicall
    res = hook_impl.function(*args)
  File "C:\Python36-32\lib\site-packages\_pytest\runner.py", line 109, in pytest_runtest_call
    item.runtest()
  File "C:\Python36-32\lib\site-packages\_pytest\unittest.py", line 174, in runtest
    self._testcase(result=self)
  File "C:\Python36-32\lib\unittest\case.py", line 653, in __call__
    return self.run(*args, **kwds)
  File "C:\Python36-32\lib\unittest\case.py", line 605, in run
    testMethod()
  File "C:\Users\user\workspace\com.instasafev2\src\tests\controller_tests.py", line 45, in test_t1AddController
    self.cp.add_Single_Controller("isademo", "test", "TCP", "1270", "10.12.70.0", "27")
  File "C:\Users\user\workspace\com.instasafev2\src\pages\companyPortal\controller_Page.py", line 146, in add_Single_Controller
    self.clickSaveButton()
  File "C:\Users\user\workspace\com.instasafev2\src\pages\companyPortal\controller_Page.py", line 71, in clickSaveButton
    self.elementClick(locator =self._save_button, locatorType="Xpath")
  File "C:\Users\user\workspace\com.instasafev2\src\base\selenium_driver.py", line 109, in elementClick
    print_stack()
  File "D:\software\eclipse\plugins\org.python.pydev_6.2.0.201711281614\pysrc\runfiles.py", line 254, in <module>
    main()
  File "D:\software\eclipse\plugins\org.python.pydev_6.2.0.201711281614\pysrc\runfiles.py", line 246, in main
    return pytest.main(argv)
  File "C:\Python36-32\lib\site-packages\_pytest\config.py", line 59, in main
    return config.hook.pytest_cmdline_main(config=config)
  File "C:\Python36-32\lib\site-packages\pluggy\__init__.py", line 617, in __call__
    return self._hookexec(self, self._nonwrappers + self._wrappers, kwargs)
  File "C:\Python36-32\lib\site-packages\pluggy\__init__.py", line 222, in _hookexec
    return self._inner_hookexec(hook, methods, kwargs)
  File "C:\Python36-32\lib\site-packages\pluggy\__init__.py", line 216, in <lambda>
    firstresult=hook.spec_opts.get('firstresult'),
  File "C:\Python36-32\lib\site-packages\pluggy\callers.py", line 180, in _multicall
    res = hook_impl.function(*args)
  File "C:\Python36-32\lib\site-packages\_pytest\main.py", line 131, in pytest_cmdline_main
    return wrap_session(config, _main)
  File "C:\Python36-32\lib\site-packages\_pytest\main.py", line 100, in wrap_session
    session.exitstatus = doit(config, session) or 0
  File "C:\Python36-32\lib\site-packages\_pytest\main.py", line 138, in _main
    config.hook.pytest_runtestloop(session=session)
  File "C:\Python36-32\lib\site-packages\pluggy\__init__.py", line 617, in __call__
    return self._hookexec(self, self._nonwrappers + self._wrappers, kwargs)
  File "C:\Python36-32\lib\site-packages\pluggy\__init__.py", line 222, in _hookexec
    return self._inner_hookexec(hook, methods, kwargs)
  File "C:\Python36-32\lib\site-packages\pluggy\__init__.py", line 216, in <lambda>
    firstresult=hook.spec_opts.get('firstresult'),
  File "C:\Python36-32\lib\site-packages\pluggy\callers.py", line 180, in _multicall
    res = hook_impl.function(*args)
  File "C:\Python36-32\lib\site-packages\_pytest\main.py", line 161, in pytest_runtestloop
    item.config.hook.pytest_runtest_protocol(item=item, nextitem=nextitem)
  File "C:\Python36-32\lib\site-packages\pluggy\__init__.py", line 617, in __call__
    return self._hookexec(self, self._nonwrappers + self._wrappers, kwargs)
  File "C:\Python36-32\lib\site-packages\pluggy\__init__.py", line 222, in _hookexec
    return self._inner_hookexec(hook, methods, kwargs)
  File "C:\Python36-32\lib\site-packages\pluggy\__init__.py", line 216, in <lambda>
    firstresult=hook.spec_opts.get('firstresult'),
  File "C:\Python36-32\lib\site-packages\pluggy\callers.py", line 180, in _multicall
    res = hook_impl.function(*args)
  File "C:\Python36-32\lib\site-packages\_pytest\runner.py", line 62, in pytest_runtest_protocol
    runtestprotocol(item, nextitem=nextitem)
  File "C:\Python36-32\lib\site-packages\_pytest\runner.py", line 79, in runtestprotocol
    reports.append(call_and_report(item, "call", log))
  File "C:\Python36-32\lib\site-packages\_pytest\runner.py", line 158, in call_and_report
    call = call_runtest_hook(item, when, **kwds)
  File "C:\Python36-32\lib\site-packages\_pytest\runner.py", line 178, in call_runtest_hook
    return CallInfo(lambda: ihook(item=item, **kwds), when=when)
  File "C:\Python36-32\lib\site-packages\_pytest\runner.py", line 192, in __init__
    self.result = func()
  File "C:\Python36-32\lib\site-packages\_pytest\runner.py", line 178, in <lambda>
    return CallInfo(lambda: ihook(item=item, **kwds), when=when)
  File "C:\Python36-32\lib\site-packages\pluggy\__init__.py", line 617, in __call__
    return self._hookexec(self, self._nonwrappers + self._wrappers, kwargs)
  File "C:\Python36-32\lib\site-packages\pluggy\__init__.py", line 222, in _hookexec
    return self._inner_hookexec(hook, methods, kwargs)
  File "C:\Python36-32\lib\site-packages\pluggy\__init__.py", line 216, in <lambda>
    firstresult=hook.spec_opts.get('firstresult'),
  File "C:\Python36-32\lib\site-packages\pluggy\callers.py", line 180, in _multicall
    res = hook_impl.function(*args)
  File "C:\Python36-32\lib\site-packages\_pytest\runner.py", line 109, in pytest_runtest_call
    item.runtest()
  File "C:\Python36-32\lib\site-packages\_pytest\unittest.py", line 174, in runtest
    self._testcase(result=self)
  File "C:\Python36-32\lib\unittest\case.py", line 653, in __call__
    return self.run(*args, **kwds)
  File "C:\Python36-32\lib\unittest\case.py", line 605, in run
    testMethod()
  File "C:\Users\user\workspace\com.instasafev2\src\tests\controller_tests.py", line 45, in test_t1AddController
    self.cp.add_Single_Controller("isademo", "test", "TCP", "1270", "10.12.70.0", "27")
  File "C:\Users\user\workspace\com.instasafev2\src\pages\companyPortal\controller_Page.py", line 148, in add_Single_Controller
    self.closeAddWindow()
  File "C:\Users\user\workspace\com.instasafev2\src\pages\companyPortal\controller_Page.py", line 74, in closeAddWindow
    self.elementClick(locator= self._close_addwindow, locatorType="Xpath", element="closeAddWindow")
  File "C:\Users\user\workspace\com.instasafev2\src\base\selenium_driver.py", line 109, in elementClick
    print_stack()
----------------------------- Exceptions -----------------------------
self = <tests.controller_tests.Test_ControllerTests testMethod=test_t1AddController>

    @pytest.mark.run(order = 0)
    def test_t1AddController(self):
        self.log.info("*#" * 20)
        self.log.info("test_t1Addcontroller start")
        self.log.info("*#" * 20)
        self.log.info("navigate to controller page")
        self.cp.navigate_to_Controller_Add_window()
        self.log.info("navigate to controller Add page")
>       self.cp.add_Single_Controller("isademo", "test", "TCP", "1270", "10.12.70.0", "27")

tests\controller_tests.py:45: 
_ _ _ _ _ _ _ _ _ _ _ _ _ _ _ _ _ _ _ _ _ _ _ _ _ _ _ _ _ _ _ _ _ _ _ _ _ _ _ _
pages\companyPortal\controller_Page.py:150: in add_Single_Controller
    self.driver.refresh()
C:\Python36-32\lib\site-packages\selenium\webdriver\remote\webdriver.py:815: in refresh
    self.execute(Command.REFRESH)
C:\Python36-32\lib\site-packages\selenium\webdriver\remote\webdriver.py:312: in execute
    self.error_handler.check_response(response)
_ _ _ _ _ _ _ _ _ _ _ _ _ _ _ _ _ _ _ _ _ _ _ _ _ _ _ _ _ _ _ _ _ _ _ _ _ _ _ _

self = <selenium.webdriver.remote.errorhandler.ErrorHandler object at 0x03BA6D30>
response = {'status': 408, 'value': '{"value":{"error":"timeout","message":"Timeout loading page after 30000ms","stacktrace":"sta...      0x4173a7 - <no info>\\n   9:           0x6d38b3 - <no info>\\n  10:     0x7fff884613d2 - BaseThreadInitThunk"}}'}

    def check_response(self, response):
        """
            Checks that a JSON response from the WebDriver does not have an error.
    
            :Args:
             - response - The JSON response from the WebDriver server as a dictionary
               object.
    
            :Raises: If the response contains an error message.
            """
        status = response.get('status', None)
        if status is None or status == ErrorCode.SUCCESS:
            return
        value = None
        message = response.get("message", "")
        screen = response.get("screen", "")
        stacktrace = None
        if isinstance(status, int):
            value_json = response.get('value', None)
            if value_json and isinstance(value_json, basestring):
                import json
                try:
                    value = json.loads(value_json)
                    if len(value.keys()) == 1:
                        value = value['value']
                    status = value.get('error', None)
                    if status is None:
                        status = value["status"]
                        message = value["value"]
                        if not isinstance(message, basestring):
                            value = message
                            message = message.get('message')
                    else:
                        message = value.get('message', None)
                except ValueError:
                    pass
    
        exception_class = ErrorInResponseException
        if status in ErrorCode.NO_SUCH_ELEMENT:
            exception_class = NoSuchElementException
        elif status in ErrorCode.NO_SUCH_FRAME:
            exception_class = NoSuchFrameException
        elif status in ErrorCode.NO_SUCH_WINDOW:
            exception_class = NoSuchWindowException
        elif status in ErrorCode.STALE_ELEMENT_REFERENCE:
            exception_class = StaleElementReferenceException
        elif status in ErrorCode.ELEMENT_NOT_VISIBLE:
            exception_class = ElementNotVisibleException
        elif status in ErrorCode.INVALID_ELEMENT_STATE:
            exception_class = InvalidElementStateException
        elif status in ErrorCode.INVALID_SELECTOR \
                or status in ErrorCode.INVALID_XPATH_SELECTOR \
                or status in ErrorCode.INVALID_XPATH_SELECTOR_RETURN_TYPER:
            exception_class = InvalidSelectorException
        elif status in ErrorCode.ELEMENT_IS_NOT_SELECTABLE:
            exception_class = ElementNotSelectableException
        elif status in ErrorCode.ELEMENT_NOT_INTERACTABLE:
            exception_class = ElementNotInteractableException
        elif status in ErrorCode.INVALID_COOKIE_DOMAIN:
            exception_class = InvalidCookieDomainException
        elif status in ErrorCode.UNABLE_TO_SET_COOKIE:
            exception_class = UnableToSetCookieException
        elif status in ErrorCode.TIMEOUT:
            exception_class = TimeoutException
        elif status in ErrorCode.SCRIPT_TIMEOUT:
            exception_class = TimeoutException
        elif status in ErrorCode.UNKNOWN_ERROR:
            exception_class = WebDriverException
        elif status in ErrorCode.UNEXPECTED_ALERT_OPEN:
            exception_class = UnexpectedAlertPresentException
        elif status in ErrorCode.NO_ALERT_OPEN:
            exception_class = NoAlertPresentException
        elif status in ErrorCode.IME_NOT_AVAILABLE:
            exception_class = ImeNotAvailableException
        elif status in ErrorCode.IME_ENGINE_ACTIVATION_FAILED:
            exception_class = ImeActivationFailedException
        elif status in ErrorCode.MOVE_TARGET_OUT_OF_BOUNDS:
            exception_class = MoveTargetOutOfBoundsException
        elif status in ErrorCode.JAVASCRIPT_ERROR:
            exception_class = JavascriptException
        elif status in ErrorCode.SESSION_NOT_CREATED:
            exception_class = SessionNotCreatedException
        elif status in ErrorCode.INVALID_ARGUMENT:
            exception_class = InvalidArgumentException
        elif status in ErrorCode.NO_SUCH_COOKIE:
            exception_class = NoSuchCookieException
        elif status in ErrorCode.UNABLE_TO_CAPTURE_SCREEN:
            exception_class = ScreenshotException
        elif status in ErrorCode.ELEMENT_CLICK_INTERCEPTED:
            exception_class = ElementClickInterceptedException
        elif status in ErrorCode.INSECURE_CERTIFICATE:
            exception_class = InsecureCertificateException
        elif status in ErrorCode.INVALID_COORDINATES:
            exception_class = InvalidCoordinatesException
        elif status in ErrorCode.INVALID_SESSION_ID:
            exception_class = InvalidSessionIdException
        elif status in ErrorCode.UNKNOWN_METHOD:
            exception_class = UnknownMethodException
        else:
            exception_class = WebDriverException
        if value == '' or value is None:
            value = response['value']
        if isinstance(value, basestring):
            if exception_class == ErrorInResponseException:
                raise exception_class(response, value)
            raise exception_class(value)
        if message == "" and 'message' in value:
            message = value['message']
    
        screen = None
        if 'screen' in value:
            screen = value['screen']
    
        stacktrace = None
        if 'stackTrace' in value and value['stackTrace']:
            stacktrace = []
            try:
                for frame in value['stackTrace']:
                    line = self._value_or_default(frame, 'lineNumber', '')
                    file = self._value_or_default(frame, 'fileName', '<anonymous>')
                    if line:
                        file = "%s:%s" % (file, line)
                    meth = self._value_or_default(frame, 'methodName', '<anonymous>')
                    if 'className' in frame:
                        meth = "%s.%s" % (frame['className'], meth)
                    msg = "    at %s (%s)"
                    msg = msg % (meth, file)
                    stacktrace.append(msg)
            except TypeError:
                pass
        if exception_class == ErrorInResponseException:
            raise exception_class(response, message)
        elif exception_class == UnexpectedAlertPresentException:
            alert_text = None
            if 'data' in value:
                alert_text = value['data'].get('text')
            elif 'alert' in value:
                alert_text = value['alert'].get('text')
            raise exception_class(message, screen, stacktrace, alert_text)
>       raise exception_class(message, screen, stacktrace)
E       selenium.common.exceptions.TimeoutException: Message: Timeout loading page after 30000ms

C:\Python36-32\lib\site-packages\selenium\webdriver\remote\errorhandler.py:242: TimeoutException]]></stderr>
</test>
<launch mode="run">
<launch_memento><![CDATA[<?xml version="1.0" encoding="UTF-8" standalone="no"?>
<launchConfiguration local="true" path="com.instasafev2 controller_tests.py"/>
]]></launch_memento>
</launch>
</pydev-testsuite>
